<?xml version="1.0" encoding="UTF-8"?>
<!-- Generated by org.testng.reporters.JUnitReportReporter -->
<testsuite hostname="AnSh" failures="0" tests="1" name="Dummy_Project.FirstProject" time="0.010" errors="0" timestamp="2025-05-07T12:55:34 IST" skipped="0">
  <testcase classname="Dummy_Project.FirstProject" name="addDummy" time="0.010">
    <system-out>
      <![CDATA[Dummy test is executed]]>
    </system-out>
  </testcase> <!-- addDummy -->
  <system-out>
    <![CDATA[Dummy test is executed]]>
  </system-out>
</testsuite> <!-- Dummy_Project.FirstProject -->
